<?xml version="1.0" encoding="UTF-8"?>
<!-- Generated by org.testng.reporters.JUnitReportReporter -->
<testsuite hostname="GAURAV" failures="0" tests="3" name="com.swagLabs.testCases.TC_006ConfirmationPageTest" time="0.217" errors="0" timestamp="2025-02-27T23:12:43 IST" skipped="0">
  <testcase classname="com.swagLabs.testCases.TC_006ConfirmationPageTest" name="logoVerification" time="0.082"/>
  <testcase classname="com.swagLabs.testCases.TC_006ConfirmationPageTest" name="confirmationMessage" time="0.048"/>
  <testcase classname="com.swagLabs.testCases.TC_006ConfirmationPageTest" name="backHome" time="0.087"/>
</testsuite> <!-- com.swagLabs.testCases.TC_006ConfirmationPageTest -->
