<?xml version="1.0" encoding="UTF-8"?>
<!-- Generated by org.testng.reporters.JUnitReportReporter -->
<testsuite hostname="GAURAV" failures="0" tests="2" name="com.swagLabs.testCases.TC_004CheckoutYourInformationPageTest" time="0.310" errors="0" timestamp="2025-02-27T22:09:48 IST" skipped="0">
  <testcase classname="com.swagLabs.testCases.TC_004CheckoutYourInformationPageTest" name="testCheckOutPageHeading" time="0.035"/>
  <testcase classname="com.swagLabs.testCases.TC_004CheckoutYourInformationPageTest" name="testFillCheckoutFormAndContinue" time="0.275"/>
</testsuite> <!-- com.swagLabs.testCases.TC_004CheckoutYourInformationPageTest -->
