<?xml version="1.0" encoding="UTF-8"?>
<!-- Generated by org.testng.reporters.JUnitReportReporter -->
<testsuite hostname="GAURAV" failures="0" tests="2" name="com.swagLabs.testCases.TC_002InventoryPageTest" time="0.769" errors="0" timestamp="2025-02-27T22:00:54 IST" skipped="0">
  <testcase classname="com.swagLabs.testCases.TC_002InventoryPageTest" name="testPageTitleIsDisplayed" time="0.048"/>
  <testcase classname="com.swagLabs.testCases.TC_002InventoryPageTest" name="addProductsToCart" time="0.721"/>
</testsuite> <!-- com.swagLabs.testCases.TC_002InventoryPageTest -->
