<?xml version="1.0" encoding="UTF-8"?>
<!-- Generated by org.testng.reporters.JUnitReportReporter -->
<testsuite hostname="GAURAV" failures="0" tests="1" name="com.swagLabs.testCases.TC_005CheckoutOverviewPageTest" time="0.152" errors="0" timestamp="2025-02-26T20:14:59 IST" skipped="0">
  <testcase classname="com.swagLabs.testCases.TC_005CheckoutOverviewPageTest" name="testPriceTotal" time="0.152"/>
</testsuite> <!-- com.swagLabs.testCases.TC_005CheckoutOverviewPageTest -->
