<?xml version="1.0" encoding="UTF-8"?>
<!-- Generated by org.testng.reporters.JUnitReportReporter -->
<testsuite hostname="GAURAV" failures="0" tests="1" name="nbv" time="5.585" errors="0" timestamp="2025-02-25T14:21:22 IST" skipped="0">
  <testcase classname="nbv" name="login" time="5.585"/>
</testsuite> <!-- nbv -->
